********************************************************************************
DUPLICATOR-LITE PACKAGE-LOG: 2018-10-07 17:47
NOTICE: Do NOT post to public sites or forums 
********************************************************************************
VERSION:	1.2.48
WORDPRESS:	4.9.8
PHP INFO:	7.2.1 | SAPI: apache2handler
SERVER:		Apache/2.2.31 (Win32) DAV/2 mod_ssl/2.2.31 OpenSSL/1.0.2h mod_fcgid/2.3.9 mod_wsgi/3.4 Python/2.7.6 PHP/7.2.1 mod_perl/2.0.8 Perl/v5.16.3 
PHP TIME LIMIT: (0) no time limit imposed 
PHP MAX MEMORY: 2048M (128M default) 
MEMORY STACK: 8MB 

********************************************************************************
DATABASE:
********************************************************************************
BUILD MODE:   PHP(query limit - 100)
MYSQLTIMEOUT: 5000
MYSQLDUMP:    Not Supported 
TABLES: total:13 | filtered:0 | create:13 
FILTERED: [] 
SQL CREATED: 20181002_imosh_0864797a5d974b463392_20181007174638_database.sql 
SQL FILE SIZE: 652.98KB (668651) 
SQL FILE TIME: 2018-10-07 17:47:09 
SQL RUNTIME: 0.53 sec. 

******************************************************************************** 
ARCHIVE (ZIP): 
******************************************************************************** 
ARCHIVE DIR:  C:/Users/natur/Desktop/~/07. Arteveldehogeschool/03. CMSDEV/Labo week 1/wordpress 
ARCHIVE FILE: 20181002_imosh_0864797a5d974b463392_20181007174638_archive.zip 
FILTERS: *OFF* 
DIRS:
	not set 
FILES:
	not set 
EXTS:  not set 
---------------------------------------- 
COMPRESSING 
SIZE:	42.46MB 
STATS:	Dirs 286 | Files 2,254 
SQL ADDED: 20181002_imosh_0864797a5d974b463392_20181007174638_database.sql 
ZipArchive Object
(
    [status] => 0
    [statusSys] => 0
    [numFiles] => 2540
    [filename] => C:\Users\natur\Desktop\~\07. Arteveldehogeschool\03. CMSDEV\Labo week 1\wordpress\wp-snapshots\tmp\20181002_imosh_0864797a5d974b463392_20181007174638_archive.zip
    [comment] => 
)
 
COMPRESSION RESULT: '1' 
COMPRESSED SIZE: 14.75MB 
ARCHIVE RUNTIME: 5.26 sec. 
MEMORY STACK: 10MB 

******************************************************************************** 
MAKE INSTALLER: 
******************************************************************************** 
Build Start 
Build Finished 
Preparing for use 
PACK SIZE:  
Template parsed with new data 
Complete [C:/Users/natur/Desktop/~/07. Arteveldehogeschool/03. CMSDEV/Labo week 1/wordpress/wp-snapshots/tmp/20181002_imosh_0864797a5d974b463392_20181007174638_installer.php] 
Added to archive 

******************************************************************************** 
INTEGRITY CHECKS: 
******************************************************************************** 
SQL File: 652.98KB 
Installer File: 474.18KB 
Archive File: 14.75MB  

********************************************************************************
RECORD ID:[6]
TOTAL PROCESS RUNTIME: 15.62 sec.
PEAK PHP MEMORY USED: 12MB
DONE PROCESSING => 20181002_imosh 2018-10-07 17:47
 
